<?xml version="1.0" encoding="UTF-8"?>
<!-- Generated by org.testng.reporters.JUnitReportReporter -->
<testsuite hostname="DESKTOP-K4O38B7" failures="0" tests="3" name="com.tutorialsninja.qa.testcases.Search" time="34.130" errors="0" timestamp="2024-02-06T01:41:54 GTS" skipped="0">
  <testcase classname="com.tutorialsninja.qa.testcases.Search" name="VerifySearchingWithAnExistingProductName" time="10.837"/>
  <testcase classname="com.tutorialsninja.qa.testcases.Search" name="VerifySearchingWithNonExistingProductName" time="12.054"/>
  <testcase classname="com.tutorialsninja.qa.testcases.Search" name="VerifySearchingWithoutProvidingAnyProductName" time="11.239"/>
</testsuite> <!-- com.tutorialsninja.qa.testcases.Search -->
