<?xml version="1.0" encoding="UTF-8"?>
<!-- Generated by org.testng.reporters.JUnitReportReporter -->
<testsuite hostname="DESKTOP-K4O38B7" failures="0" tests="5" name="com.tutorialsninja.qa.testcases.Register" time="29.173" errors="0" timestamp="2024-02-06T01:41:54 GTS" skipped="0">
  <testcase classname="com.tutorialsninja.qa.testcases.Register" name="VerifyRegisteringAnAccountByProvidingOnlyTheMandatoryFields" time="10.386"/>
  <testcase classname="com.tutorialsninja.qa.testcases.Register" name="VerifyProperNotificationMessagesAreDisplayedForTheMandatoryFields" time="4.725"/>
  <testcase classname="com.tutorialsninja.qa.testcases.Register" name="VerifyRegisteringAnAccountByEnteringDifferentPasswordsIntoPasswordAndConfirmFields" time="4.450"/>
  <testcase classname="com.tutorialsninja.qa.testcases.Register" name="VerifyRegisteringAnAccountProvidingExistingAccountDetails" time="5.090"/>
  <testcase classname="com.tutorialsninja.qa.testcases.Register" name="VerifyRegisteringAnAccountByProvidingInvalidEmailAddressTotheEMailField" time="4.522"/>
</testsuite> <!-- com.tutorialsninja.qa.testcases.Register -->
